[0.097s] DEBUG:colcon:Command line arguments: ['/usr/bin/colcon', 'list', '-p', '--base-paths', '/home/akshat/final']
[0.098s] DEBUG:colcon:Parsed command line arguments: Namespace(log_base=None, log_level=None, verb_name='list', build_base='build', ignore_user_meta=False, metas=['./colcon.meta'], base_paths=['/home/akshat/final'], packages_ignore=None, packages_ignore_regex=None, paths=None, packages_up_to=None, packages_up_to_regex=None, packages_above=None, packages_above_and_dependencies=None, packages_above_depth=None, packages_select_by_dep=None, packages_skip_by_dep=None, packages_skip_up_to=None, packages_select_build_failed=False, packages_skip_build_finished=False, packages_select_test_failures=False, packages_skip_test_passed=False, packages_select=None, packages_skip=None, packages_select_regex=None, packages_skip_regex=None, packages_start=None, packages_end=None, allow_overriding=[], topological_order=False, names_only=False, paths_only=True, topological_graph=False, topological_graph_dot=False, topological_graph_density=False, topological_graph_legend=False, topological_graph_dot_cluster=False, topological_graph_dot_include_skipped=False, verb_parser=<colcon_defaults.argument_parser.defaults.DefaultArgumentsDecorator object at 0x72bd44df8910>, verb_extension=<colcon_package_information.verb.list.ListVerb object at 0x72bd44f454b0>, main=<bound method ListVerb.main of <colcon_package_information.verb.list.ListVerb object at 0x72bd44f454b0>>)
[0.286s] Level 1:colcon.colcon_core.package_discovery:discover_packages(colcon_meta) check parameters
[0.286s] Level 1:colcon.colcon_core.package_discovery:discover_packages(recursive) check parameters
[0.286s] Level 1:colcon.colcon_core.package_discovery:discover_packages(ignore) check parameters
[0.286s] Level 1:colcon.colcon_core.package_discovery:discover_packages(path) check parameters
[0.286s] Level 1:colcon.colcon_core.package_discovery:discover_packages(recursive) discover
[0.286s] INFO:colcon.colcon_core.package_discovery:Crawling recursively for packages in '/home/akshat/final'
[0.287s] Level 1:colcon.colcon_core.package_identification:_identify(/home/akshat/final) by extensions ['ignore', 'ignore_ament_install']
[0.287s] Level 1:colcon.colcon_core.package_identification:_identify(/home/akshat/final) by extension 'ignore'
[0.287s] Level 1:colcon.colcon_core.package_identification:_identify(/home/akshat/final) by extension 'ignore_ament_install'
[0.287s] Level 1:colcon.colcon_core.package_identification:_identify(/home/akshat/final) by extensions ['colcon_pkg']
[0.287s] Level 1:colcon.colcon_core.package_identification:_identify(/home/akshat/final) by extension 'colcon_pkg'
[0.287s] Level 1:colcon.colcon_core.package_identification:_identify(/home/akshat/final) by extensions ['colcon_meta']
[0.287s] Level 1:colcon.colcon_core.package_identification:_identify(/home/akshat/final) by extension 'colcon_meta'
[0.287s] Level 1:colcon.colcon_core.package_identification:_identify(/home/akshat/final) by extensions ['ros']
[0.287s] Level 1:colcon.colcon_core.package_identification:_identify(/home/akshat/final) by extension 'ros'
[0.303s] Level 1:colcon.colcon_core.package_identification:_identify(/home/akshat/final) by extensions ['cmake', 'python']
[0.303s] Level 1:colcon.colcon_core.package_identification:_identify(/home/akshat/final) by extension 'cmake'
[0.303s] Level 1:colcon.colcon_core.package_identification:_identify(/home/akshat/final) by extension 'python'
[0.303s] Level 1:colcon.colcon_core.package_identification:_identify(/home/akshat/final) by extensions ['python_setup_py']
[0.303s] Level 1:colcon.colcon_core.package_identification:_identify(/home/akshat/final) by extension 'python_setup_py'
[0.304s] Level 1:colcon.colcon_core.package_identification:_identify(/home/akshat/final/log) by extensions ['ignore', 'ignore_ament_install']
[0.304s] Level 1:colcon.colcon_core.package_identification:_identify(/home/akshat/final/log) by extension 'ignore'
[0.304s] Level 1:colcon.colcon_core.package_identification:_identify(/home/akshat/final/log) ignored
[0.304s] Level 1:colcon.colcon_core.package_identification:_identify(/home/akshat/final/src) by extensions ['ignore', 'ignore_ament_install']
[0.304s] Level 1:colcon.colcon_core.package_identification:_identify(/home/akshat/final/src) by extension 'ignore'
[0.304s] Level 1:colcon.colcon_core.package_identification:_identify(/home/akshat/final/src) by extension 'ignore_ament_install'
[0.304s] Level 1:colcon.colcon_core.package_identification:_identify(/home/akshat/final/src) by extensions ['colcon_pkg']
[0.304s] Level 1:colcon.colcon_core.package_identification:_identify(/home/akshat/final/src) by extension 'colcon_pkg'
[0.304s] Level 1:colcon.colcon_core.package_identification:_identify(/home/akshat/final/src) by extensions ['colcon_meta']
[0.304s] Level 1:colcon.colcon_core.package_identification:_identify(/home/akshat/final/src) by extension 'colcon_meta'
[0.305s] Level 1:colcon.colcon_core.package_identification:_identify(/home/akshat/final/src) by extensions ['ros']
[0.305s] Level 1:colcon.colcon_core.package_identification:_identify(/home/akshat/final/src) by extension 'ros'
[0.305s] Level 1:colcon.colcon_core.package_identification:_identify(/home/akshat/final/src) by extensions ['cmake', 'python']
[0.305s] Level 1:colcon.colcon_core.package_identification:_identify(/home/akshat/final/src) by extension 'cmake'
[0.305s] Level 1:colcon.colcon_core.package_identification:_identify(/home/akshat/final/src) by extension 'python'
[0.305s] Level 1:colcon.colcon_core.package_identification:_identify(/home/akshat/final/src) by extensions ['python_setup_py']
[0.305s] Level 1:colcon.colcon_core.package_identification:_identify(/home/akshat/final/src) by extension 'python_setup_py'
[0.305s] Level 1:colcon.colcon_core.package_identification:_identify(/home/akshat/final/src/cpp) by extensions ['ignore', 'ignore_ament_install']
[0.305s] Level 1:colcon.colcon_core.package_identification:_identify(/home/akshat/final/src/cpp) by extension 'ignore'
[0.305s] Level 1:colcon.colcon_core.package_identification:_identify(/home/akshat/final/src/cpp) by extension 'ignore_ament_install'
[0.305s] Level 1:colcon.colcon_core.package_identification:_identify(/home/akshat/final/src/cpp) by extensions ['colcon_pkg']
[0.305s] Level 1:colcon.colcon_core.package_identification:_identify(/home/akshat/final/src/cpp) by extension 'colcon_pkg'
[0.305s] Level 1:colcon.colcon_core.package_identification:_identify(/home/akshat/final/src/cpp) by extensions ['colcon_meta']
[0.305s] Level 1:colcon.colcon_core.package_identification:_identify(/home/akshat/final/src/cpp) by extension 'colcon_meta'
[0.305s] Level 1:colcon.colcon_core.package_identification:_identify(/home/akshat/final/src/cpp) by extensions ['ros']
[0.305s] Level 1:colcon.colcon_core.package_identification:_identify(/home/akshat/final/src/cpp) by extension 'ros'
[0.308s] DEBUG:colcon.colcon_core.package_identification:Package '/home/akshat/final/src/cpp' with type 'ros.ament_cmake' and name 'cpp'
[0.309s] Level 1:colcon.colcon_core.package_discovery:discover_packages(recursive) using defaults
